{"C:\\! Programacion\\Front End\\Laboratoria\\Proyectos\\PROYECTO 3 - RED SOCIAL\\SCL011-Social-Network\\src\\js\\model-data.js": {"path":"C:\\! Programacion\\Front End\\Laboratoria\\Proyectos\\PROYECTO 3 - RED SOCIAL\\SCL011-Social-Network\\src\\js\\model-data.js","statementMap":{"0":{"start":{"line":1,"column":20},"end":{"line":3,"column":1}},"1":{"start":{"line":2,"column":2},"end":{"line":2,"column":15}}},"fnMap":{"0":{"name":"(anonymous_0)","decl":{"start":{"line":1,"column":20},"end":{"line":1,"column":21}},"loc":{"start":{"line":1,"column":31},"end":{"line":3,"column":1}},"line":1}},"branchMap":{},"s":{"0":1,"1":1},"f":{"0":1},"b":{},"_coverageSchema":"43e27e138ebf9cfc5966b082cf9a028302ed4184","hash":"501fc4a365ddc027fe7d803a6254c256f4d36f53"}
}
